  Avatar.cpp
D:\Howest\Sem 2\Programming\1DAE12_Raileanu_Ioana_Astyanax\Raileanu_Ioana_Astyanax\Engine\SoundEffect.h(3,16): warning C4099: 'Mix_Chunk': type name first seen using 'struct' now seen using 'class'
D:\Howest\Sem 2\Programming\1DAE12_Raileanu_Ioana_Astyanax\Raileanu_Ioana_Astyanax\Libraries\SDLMixer\SDL2_mixer-2.6.3\include\SDL_mixer.h(228,16): message : see declaration of 'Mix_Chunk'
  Boss.cpp
D:\Howest\Sem 2\Programming\1DAE12_Raileanu_Ioana_Astyanax\Raileanu_Ioana_Astyanax\Engine\SoundEffect.h(3,16): warning C4099: 'Mix_Chunk': type name first seen using 'struct' now seen using 'class'
D:\Howest\Sem 2\Programming\1DAE12_Raileanu_Ioana_Astyanax\Raileanu_Ioana_Astyanax\Libraries\SDLMixer\SDL2_mixer-2.6.3\include\SDL_mixer.h(228,16): message : see declaration of 'Mix_Chunk'
  Enemy.cpp
D:\Howest\Sem 2\Programming\1DAE12_Raileanu_Ioana_Astyanax\Raileanu_Ioana_Astyanax\Engine\SoundEffect.h(3,16): warning C4099: 'Mix_Chunk': type name first seen using 'struct' now seen using 'class'
D:\Howest\Sem 2\Programming\1DAE12_Raileanu_Ioana_Astyanax\Raileanu_Ioana_Astyanax\Libraries\SDLMixer\SDL2_mixer-2.6.3\include\SDL_mixer.h(228,16): message : see declaration of 'Mix_Chunk'
  FloatingBlob.cpp
D:\Howest\Sem 2\Programming\1DAE12_Raileanu_Ioana_Astyanax\Raileanu_Ioana_Astyanax\Engine\SoundEffect.h(3,16): warning C4099: 'Mix_Chunk': type name first seen using 'struct' now seen using 'class'
D:\Howest\Sem 2\Programming\1DAE12_Raileanu_Ioana_Astyanax\Raileanu_Ioana_Astyanax\Libraries\SDLMixer\SDL2_mixer-2.6.3\include\SDL_mixer.h(228,16): message : see declaration of 'Mix_Chunk'
  FloatingEyeball.cpp
D:\Howest\Sem 2\Programming\1DAE12_Raileanu_Ioana_Astyanax\Raileanu_Ioana_Astyanax\Engine\SoundEffect.h(3,16): warning C4099: 'Mix_Chunk': type name first seen using 'struct' now seen using 'class'
D:\Howest\Sem 2\Programming\1DAE12_Raileanu_Ioana_Astyanax\Raileanu_Ioana_Astyanax\Libraries\SDLMixer\SDL2_mixer-2.6.3\include\SDL_mixer.h(228,16): message : see declaration of 'Mix_Chunk'
  Game.cpp
D:\Howest\Sem 2\Programming\1DAE12_Raileanu_Ioana_Astyanax\Raileanu_Ioana_Astyanax\Engine\SoundEffect.h(3,16): warning C4099: 'Mix_Chunk': type name first seen using 'struct' now seen using 'class'
D:\Howest\Sem 2\Programming\1DAE12_Raileanu_Ioana_Astyanax\Raileanu_Ioana_Astyanax\Libraries\SDLMixer\SDL2_mixer-2.6.3\include\SDL_mixer.h(228,16): message : see declaration of 'Mix_Chunk'
  HUD.cpp
D:\Howest\Sem 2\Programming\1DAE12_Raileanu_Ioana_Astyanax\Raileanu_Ioana_Astyanax\Engine\SoundEffect.h(3,16): warning C4099: 'Mix_Chunk': type name first seen using 'struct' now seen using 'class'
D:\Howest\Sem 2\Programming\1DAE12_Raileanu_Ioana_Astyanax\Raileanu_Ioana_Astyanax\Libraries\SDLMixer\SDL2_mixer-2.6.3\include\SDL_mixer.h(228,16): message : see declaration of 'Mix_Chunk'
  Level.cpp
D:\Howest\Sem 2\Programming\1DAE12_Raileanu_Ioana_Astyanax\Raileanu_Ioana_Astyanax\Engine\SoundEffect.h(3,16): warning C4099: 'Mix_Chunk': type name first seen using 'struct' now seen using 'class'
D:\Howest\Sem 2\Programming\1DAE12_Raileanu_Ioana_Astyanax\Raileanu_Ioana_Astyanax\Libraries\SDLMixer\SDL2_mixer-2.6.3\include\SDL_mixer.h(228,16): message : see declaration of 'Mix_Chunk'
  PickUp.cpp
D:\Howest\Sem 2\Programming\1DAE12_Raileanu_Ioana_Astyanax\Raileanu_Ioana_Astyanax\Engine\SoundEffect.h(3,16): warning C4099: 'Mix_Chunk': type name first seen using 'struct' now seen using 'class'
D:\Howest\Sem 2\Programming\1DAE12_Raileanu_Ioana_Astyanax\Raileanu_Ioana_Astyanax\Libraries\SDLMixer\SDL2_mixer-2.6.3\include\SDL_mixer.h(228,16): message : see declaration of 'Mix_Chunk'
  Pillar.cpp
D:\Howest\Sem 2\Programming\1DAE12_Raileanu_Ioana_Astyanax\Raileanu_Ioana_Astyanax\Engine\SoundEffect.h(3,16): warning C4099: 'Mix_Chunk': type name first seen using 'struct' now seen using 'class'
D:\Howest\Sem 2\Programming\1DAE12_Raileanu_Ioana_Astyanax\Raileanu_Ioana_Astyanax\Libraries\SDLMixer\SDL2_mixer-2.6.3\include\SDL_mixer.h(228,16): message : see declaration of 'Mix_Chunk'
  Plant.cpp
D:\Howest\Sem 2\Programming\1DAE12_Raileanu_Ioana_Astyanax\Raileanu_Ioana_Astyanax\Engine\SoundEffect.h(3,16): warning C4099: 'Mix_Chunk': type name first seen using 'struct' now seen using 'class'
D:\Howest\Sem 2\Programming\1DAE12_Raileanu_Ioana_Astyanax\Raileanu_Ioana_Astyanax\Libraries\SDLMixer\SDL2_mixer-2.6.3\include\SDL_mixer.h(228,16): message : see declaration of 'Mix_Chunk'
  PowerUpManager.cpp
D:\Howest\Sem 2\Programming\1DAE12_Raileanu_Ioana_Astyanax\Raileanu_Ioana_Astyanax\Engine\SoundEffect.h(3,16): warning C4099: 'Mix_Chunk': type name first seen using 'struct' now seen using 'class'
D:\Howest\Sem 2\Programming\1DAE12_Raileanu_Ioana_Astyanax\Raileanu_Ioana_Astyanax\Libraries\SDLMixer\SDL2_mixer-2.6.3\include\SDL_mixer.h(228,16): message : see declaration of 'Mix_Chunk'
  Projectile.cpp
D:\Howest\Sem 2\Programming\1DAE12_Raileanu_Ioana_Astyanax\Raileanu_Ioana_Astyanax\Engine\SoundEffect.h(3,16): warning C4099: 'Mix_Chunk': type name first seen using 'struct' now seen using 'class'
D:\Howest\Sem 2\Programming\1DAE12_Raileanu_Ioana_Astyanax\Raileanu_Ioana_Astyanax\Libraries\SDLMixer\SDL2_mixer-2.6.3\include\SDL_mixer.h(228,16): message : see declaration of 'Mix_Chunk'
  Skeleton.cpp
D:\Howest\Sem 2\Programming\1DAE12_Raileanu_Ioana_Astyanax\Raileanu_Ioana_Astyanax\Engine\SoundEffect.h(3,16): warning C4099: 'Mix_Chunk': type name first seen using 'struct' now seen using 'class'
D:\Howest\Sem 2\Programming\1DAE12_Raileanu_Ioana_Astyanax\Raileanu_Ioana_Astyanax\Libraries\SDLMixer\SDL2_mixer-2.6.3\include\SDL_mixer.h(228,16): message : see declaration of 'Mix_Chunk'
  SoundManager.cpp
D:\Howest\Sem 2\Programming\1DAE12_Raileanu_Ioana_Astyanax\Raileanu_Ioana_Astyanax\Engine\SoundEffect.h(3,16): warning C4099: 'Mix_Chunk': type name first seen using 'struct' now seen using 'class'
D:\Howest\Sem 2\Programming\1DAE12_Raileanu_Ioana_Astyanax\Raileanu_Ioana_Astyanax\Libraries\SDLMixer\SDL2_mixer-2.6.3\include\SDL_mixer.h(228,16): message : see declaration of 'Mix_Chunk'
  LINK : D:\Howest\Sem 2\Programming\1DAE12_Raileanu_Ioana_Astyanax\Raileanu_Ioana_Astyanax\x64\Debug\Astyanax.exe not found or not built by the last incremental link; performing full link
  Astyanax.vcxproj -> D:\Howest\Sem 2\Programming\1DAE12_Raileanu_Ioana_Astyanax\Raileanu_Ioana_Astyanax\x64\Debug\Astyanax.exe
  D:\Howest\Sem 2\Programming\1DAE12_Raileanu_Ioana_Astyanax\Raileanu_Ioana_Astyanax\Libraries\SDLMain\SDL2-2.26.3\lib\x64\SDL2.dll
  1 File(s) copied
  D:\Howest\Sem 2\Programming\1DAE12_Raileanu_Ioana_Astyanax\Raileanu_Ioana_Astyanax\Libraries\SDLImage\SDL2_image-2.6.3\lib\x64\SDL2_image.dll
  1 File(s) copied
  D:\Howest\Sem 2\Programming\1DAE12_Raileanu_Ioana_Astyanax\Raileanu_Ioana_Astyanax\Libraries\SDLMixer\SDL2_mixer-2.6.3\lib\x64\SDL2_mixer.dll
  1 File(s) copied
  D:\Howest\Sem 2\Programming\1DAE12_Raileanu_Ioana_Astyanax\Raileanu_Ioana_Astyanax\Libraries\SDLTtf\SDL2_ttf-2.20.2\lib\x64\SDL2_ttf.dll
  1 File(s) copied
  D:\Howest\Sem 2\Programming\1DAE12_Raileanu_Ioana_Astyanax\Raileanu_Ioana_Astyanax\Resources\zig.ttf
  D:\Howest\Sem 2\Programming\1DAE12_Raileanu_Ioana_Astyanax\Raileanu_Ioana_Astyanax\Resources\Images\AvatarAnimations.png
  D:\Howest\Sem 2\Programming\1DAE12_Raileanu_Ioana_Astyanax\Raileanu_Ioana_Astyanax\Resources\Images\Background.png
  D:\Howest\Sem 2\Programming\1DAE12_Raileanu_Ioana_Astyanax\Raileanu_Ioana_Astyanax\Resources\Images\Blast.png
  D:\Howest\Sem 2\Programming\1DAE12_Raileanu_Ioana_Astyanax\Raileanu_Ioana_Astyanax\Resources\Images\Boss.png
  D:\Howest\Sem 2\Programming\1DAE12_Raileanu_Ioana_Astyanax\Raileanu_Ioana_Astyanax\Resources\Images\Enemy1.png
  D:\Howest\Sem 2\Programming\1DAE12_Raileanu_Ioana_Astyanax\Raileanu_Ioana_Astyanax\Resources\Images\Enemy2.png
  D:\Howest\Sem 2\Programming\1DAE12_Raileanu_Ioana_Astyanax\Raileanu_Ioana_Astyanax\Resources\Images\Enemy3.png
  D:\Howest\Sem 2\Programming\1DAE12_Raileanu_Ioana_Astyanax\Raileanu_Ioana_Astyanax\Resources\Images\Enemy4.png
  D:\Howest\Sem 2\Programming\1DAE12_Raileanu_Ioana_Astyanax\Raileanu_Ioana_Astyanax\Resources\Images\fireball.png
  D:\Howest\Sem 2\Programming\1DAE12_Raileanu_Ioana_Astyanax\Raileanu_Ioana_Astyanax\Resources\Images\GameOver.png
  D:\Howest\Sem 2\Programming\1DAE12_Raileanu_Ioana_Astyanax\Raileanu_Ioana_Astyanax\Resources\Images\GameOver.psd
  D:\Howest\Sem 2\Programming\1DAE12_Raileanu_Ioana_Astyanax\Raileanu_Ioana_Astyanax\Resources\Images\Ground.png
  D:\Howest\Sem 2\Programming\1DAE12_Raileanu_Ioana_Astyanax\Raileanu_Ioana_Astyanax\Resources\Images\Ground2.svg
  D:\Howest\Sem 2\Programming\1DAE12_Raileanu_Ioana_Astyanax\Raileanu_Ioana_Astyanax\Resources\Images\LF.png
  D:\Howest\Sem 2\Programming\1DAE12_Raileanu_Ioana_Astyanax\Raileanu_Ioana_Astyanax\Resources\Images\lives.png
  D:\Howest\Sem 2\Programming\1DAE12_Raileanu_Ioana_Astyanax\Raileanu_Ioana_Astyanax\Resources\Images\PickUps.png
  D:\Howest\Sem 2\Programming\1DAE12_Raileanu_Ioana_Astyanax\Raileanu_Ioana_Astyanax\Resources\Images\Pillar.png
  D:\Howest\Sem 2\Programming\1DAE12_Raileanu_Ioana_Astyanax\Raileanu_Ioana_Astyanax\Resources\Images\PowerUp.png
  D:\Howest\Sem 2\Programming\1DAE12_Raileanu_Ioana_Astyanax\Raileanu_Ioana_Astyanax\Resources\Images\Projectile1.png
  D:\Howest\Sem 2\Programming\1DAE12_Raileanu_Ioana_Astyanax\Raileanu_Ioana_Astyanax\Resources\Images\Projectile2.png
  D:\Howest\Sem 2\Programming\1DAE12_Raileanu_Ioana_Astyanax\Raileanu_Ioana_Astyanax\Resources\Images\RoundClear.png
  D:\Howest\Sem 2\Programming\1DAE12_Raileanu_Ioana_Astyanax\Raileanu_Ioana_Astyanax\Resources\Images\SP.png
  D:\Howest\Sem 2\Programming\1DAE12_Raileanu_Ioana_Astyanax\Raileanu_Ioana_Astyanax\Resources\Images\StartScreen.png
  D:\Howest\Sem 2\Programming\1DAE12_Raileanu_Ioana_Astyanax\Raileanu_Ioana_Astyanax\Resources\Sounds\Attack.mp3
  D:\Howest\Sem 2\Programming\1DAE12_Raileanu_Ioana_Astyanax\Raileanu_Ioana_Astyanax\Resources\Sounds\BindAttack.mp3
  D:\Howest\Sem 2\Programming\1DAE12_Raileanu_Ioana_Astyanax\Raileanu_Ioana_Astyanax\Resources\Sounds\BlastAttack.mp3
  D:\Howest\Sem 2\Programming\1DAE12_Raileanu_Ioana_Astyanax\Raileanu_Ioana_Astyanax\Resources\Sounds\BoltAttack.mp3
  D:\Howest\Sem 2\Programming\1DAE12_Raileanu_Ioana_Astyanax\Raileanu_Ioana_Astyanax\Resources\Sounds\BossBattle.mp3
  D:\Howest\Sem 2\Programming\1DAE12_Raileanu_Ioana_Astyanax\Raileanu_Ioana_Astyanax\Resources\Sounds\BossClear.mp3
  D:\Howest\Sem 2\Programming\1DAE12_Raileanu_Ioana_Astyanax\Raileanu_Ioana_Astyanax\Resources\Sounds\BossIntro.mp3
  D:\Howest\Sem 2\Programming\1DAE12_Raileanu_Ioana_Astyanax\Raileanu_Ioana_Astyanax\Resources\Sounds\EnemyDeath.mp3
  D:\Howest\Sem 2\Programming\1DAE12_Raileanu_Ioana_Astyanax\Raileanu_Ioana_Astyanax\Resources\Sounds\Explosion.wav
  D:\Howest\Sem 2\Programming\1DAE12_Raileanu_Ioana_Astyanax\Raileanu_Ioana_Astyanax\Resources\Sounds\GameOver.mp3
  D:\Howest\Sem 2\Programming\1DAE12_Raileanu_Ioana_Astyanax\Raileanu_Ioana_Astyanax\Resources\Sounds\LevelMusic.mp3
  D:\Howest\Sem 2\Programming\1DAE12_Raileanu_Ioana_Astyanax\Raileanu_Ioana_Astyanax\Resources\Sounds\PauseJingle.mp3
  D:\Howest\Sem 2\Programming\1DAE12_Raileanu_Ioana_Astyanax\Raileanu_Ioana_Astyanax\Resources\Sounds\PlayerDeath.mp3
  D:\Howest\Sem 2\Programming\1DAE12_Raileanu_Ioana_Astyanax\Raileanu_Ioana_Astyanax\Resources\Sounds\PlayerHit.mp3
  D:\Howest\Sem 2\Programming\1DAE12_Raileanu_Ioana_Astyanax\Raileanu_Ioana_Astyanax\Resources\Sounds\PowerChange.mp3
  39 File(s) copied
