d:\howest\sem 2\programming\astyanax - ver 10\astyanax\x64\debug\astyanax.pch
d:\howest\sem 2\programming\astyanax - ver 10\astyanax\x64\debug\vc143.pdb
d:\howest\sem 2\programming\astyanax - ver 10\astyanax\x64\debug\vc143.idb
d:\howest\sem 2\programming\astyanax - ver 10\astyanax\x64\debug\avatar.obj
d:\howest\sem 2\programming\astyanax - ver 10\astyanax\x64\debug\blast.obj
d:\howest\sem 2\programming\astyanax - ver 10\astyanax\x64\debug\boss.obj
d:\howest\sem 2\programming\astyanax - ver 10\astyanax\x64\debug\camera.obj
d:\howest\sem 2\programming\astyanax - ver 10\astyanax\x64\debug\flame.obj
d:\howest\sem 2\programming\astyanax - ver 10\astyanax\x64\debug\enemy.obj
d:\howest\sem 2\programming\astyanax - ver 10\astyanax\x64\debug\floatingblob.obj
d:\howest\sem 2\programming\astyanax - ver 10\astyanax\x64\debug\floatingeyeball.obj
d:\howest\sem 2\programming\astyanax - ver 10\astyanax\x64\debug\game.obj
d:\howest\sem 2\programming\astyanax - ver 10\astyanax\x64\debug\gameobject.obj
d:\howest\sem 2\programming\astyanax - ver 10\astyanax\x64\debug\hud.obj
d:\howest\sem 2\programming\astyanax - ver 10\astyanax\x64\debug\level.obj
d:\howest\sem 2\programming\astyanax - ver 10\astyanax\x64\debug\main.obj
d:\howest\sem 2\programming\astyanax - ver 10\astyanax\x64\debug\pch.obj
d:\howest\sem 2\programming\astyanax - ver 10\astyanax\x64\debug\pickup.obj
d:\howest\sem 2\programming\astyanax - ver 10\astyanax\x64\debug\pillar.obj
d:\howest\sem 2\programming\astyanax - ver 10\astyanax\x64\debug\plant.obj
d:\howest\sem 2\programming\astyanax - ver 10\astyanax\x64\debug\powerupmanager.obj
d:\howest\sem 2\programming\astyanax - ver 10\astyanax\x64\debug\projectile.obj
d:\howest\sem 2\programming\astyanax - ver 10\astyanax\x64\debug\skeleton.obj
d:\howest\sem 2\programming\astyanax - ver 10\astyanax\x64\debug\soundmanager.obj
d:\howest\sem 2\programming\astyanax - ver 10\x64\debug\astyanax.exe
d:\howest\sem 2\programming\astyanax - ver 10\astyanax\x64\debug\astyanax.ilk
d:\howest\sem 2\programming\astyanax - ver 10\x64\debug\astyanax.pdb
d:\howest\sem 2\programming\astyanax - ver 10\astyanax\x64\debug\globalfunctions.obj
d:\howest\sem 2\programming\astyanax - ver 10\astyanax\x64\debug\astyanax.tlog\cl.command.1.tlog
d:\howest\sem 2\programming\astyanax - ver 10\astyanax\x64\debug\astyanax.tlog\cl.items.tlog
d:\howest\sem 2\programming\astyanax - ver 10\astyanax\x64\debug\astyanax.tlog\cl.read.1.tlog
d:\howest\sem 2\programming\astyanax - ver 10\astyanax\x64\debug\astyanax.tlog\cl.write.1.tlog
d:\howest\sem 2\programming\astyanax - ver 10\astyanax\x64\debug\astyanax.tlog\link.command.1.tlog
d:\howest\sem 2\programming\astyanax - ver 10\astyanax\x64\debug\astyanax.tlog\link.read.1.tlog
d:\howest\sem 2\programming\astyanax - ver 10\astyanax\x64\debug\astyanax.tlog\link.write.1.tlog
